{
  "stats": {
    "suites": 5,
    "tests": 7,
    "passes": 6,
    "pending": 1,
    "failures": 0,
    "start": "2024-07-09T12:38:11.039Z",
    "end": "2024-07-09T12:38:11.288Z",
    "duration": 249,
    "testsRegistered": 7,
    "passPercent": 100,
    "pendingPercent": 14.285714285714285,
    "other": 0,
    "hasOther": false,
    "skipped": 0,
    "hasSkipped": false
  },
  "results": [
    {
      "uuid": "d8520c84-39c9-423f-88f8-64ede6d28b2e",
      "title": "",
      "fullFile": "",
      "file": "",
      "beforeHooks": [],
      "afterHooks": [],
      "tests": [],
      "suites": [
        {
          "uuid": "8e6fcac8-4c60-404f-8e0a-edf69ce57852",
          "title": "TDDSuite",
          "fullFile": "C:\\Users\\sureshmanikandan.k\\Desktop\\Mocha-Demo\\test\\app.spec.js",
          "file": "\\test\\app.spec.js",
          "beforeHooks": [
            {
              "title": "\"before all\" hook in \"TDDSuite\"",
              "fullTitle": "TDDSuite \"before all\" hook in \"TDDSuite\"",
              "timedOut": false,
              "duration": 1,
              "state": null,
              "speed": null,
              "pass": false,
              "fail": false,
              "pending": false,
              "context": null,
              "code": "console.log('one suitesetup');",
              "err": {},
              "uuid": "c8e147cf-046f-4dbb-a481-77142e292c71",
              "parentUUID": "8e6fcac8-4c60-404f-8e0a-edf69ce57852",
              "isHook": true,
              "skipped": false
            },
            {
              "title": "\"before each\" hook in \"TDDSuite\"",
              "fullTitle": "TDDSuite \"before each\" hook in \"TDDSuite\"",
              "timedOut": false,
              "duration": 1,
              "state": null,
              "speed": null,
              "pass": false,
              "fail": false,
              "pending": false,
              "context": null,
              "code": "console.log('one Setup');",
              "err": {},
              "uuid": "fe39d1fd-d24d-4dd2-992c-e4f18cd921b5",
              "parentUUID": "8e6fcac8-4c60-404f-8e0a-edf69ce57852",
              "isHook": true,
              "skipped": false
            }
          ],
          "afterHooks": [
            {
              "title": "\"after all\" hook in \"TDDSuite\"",
              "fullTitle": "TDDSuite \"after all\" hook in \"TDDSuite\"",
              "timedOut": false,
              "duration": 0,
              "state": null,
              "speed": null,
              "pass": false,
              "fail": false,
              "pending": false,
              "context": null,
              "code": "console.log('one suiteTeardown');",
              "err": {},
              "uuid": "a2a4fee8-1751-431d-8d56-20d969b39706",
              "parentUUID": "8e6fcac8-4c60-404f-8e0a-edf69ce57852",
              "isHook": true,
              "skipped": false
            },
            {
              "title": "\"after each\" hook in \"TDDSuite\"",
              "fullTitle": "TDDSuite \"after each\" hook in \"TDDSuite\"",
              "timedOut": false,
              "duration": 1,
              "state": null,
              "speed": null,
              "pass": false,
              "fail": false,
              "pending": false,
              "context": null,
              "code": "console.log('one teardown');",
              "err": {},
              "uuid": "2baad989-d019-4a1f-9fc3-79688d8216c2",
              "parentUUID": "8e6fcac8-4c60-404f-8e0a-edf69ce57852",
              "isHook": true,
              "skipped": false
            }
          ],
          "tests": [
            {
              "title": "add(6,3) should return 9",
              "fullTitle": "TDDSuite add(6,3) should return 9",
              "timedOut": false,
              "duration": 1,
              "state": "passed",
              "speed": "fast",
              "pass": true,
              "fail": false,
              "pending": false,
              "context": null,
              "code": "console.log('one test');",
              "err": {},
              "uuid": "ed7653cd-6c6e-4a38-9c10-a540dabc7483",
              "parentUUID": "8e6fcac8-4c60-404f-8e0a-edf69ce57852",
              "isHook": false,
              "skipped": false
            }
          ],
          "suites": [],
          "passes": [
            "ed7653cd-6c6e-4a38-9c10-a540dabc7483"
          ],
          "failures": [],
          "pending": [],
          "skipped": [],
          "duration": 1,
          "root": false,
          "rootEmpty": false,
          "_timeout": 2000
        },
        {
          "uuid": "697176c9-b405-4edb-b587-adb6d0f1946b",
          "title": "AreaofcircleSuite",
          "fullFile": "C:\\Users\\sureshmanikandan.k\\Desktop\\Mocha-Demo\\test\\app1.spec.js",
          "file": "\\test\\app1.spec.js",
          "beforeHooks": [],
          "afterHooks": [],
          "tests": [
            {
              "title": "areaofcircle(5) should return 78.53981633974483",
              "fullTitle": "AreaofcircleSuite areaofcircle(5) should return 78.53981633974483",
              "timedOut": false,
              "duration": 2,
              "state": "passed",
              "speed": "fast",
              "pass": true,
              "fail": false,
              "pending": false,
              "context": null,
              "code": "expect(areaofcircle(5)).to.be.equal(78.53981633974483);",
              "err": {},
              "uuid": "bf5dc907-28fe-4583-9e76-99a5c115d2ca",
              "parentUUID": "697176c9-b405-4edb-b587-adb6d0f1946b",
              "isHook": false,
              "skipped": false
            }
          ],
          "suites": [],
          "passes": [
            "bf5dc907-28fe-4583-9e76-99a5c115d2ca"
          ],
          "failures": [],
          "pending": [],
          "skipped": [],
          "duration": 2,
          "root": false,
          "rootEmpty": false,
          "_timeout": 2000
        },
        {
          "uuid": "48ca60c7-7ff8-4b81-a3fc-641ba48672d4",
          "title": "async test suite",
          "fullFile": "C:\\Users\\sureshmanikandan.k\\Desktop\\Mocha-Demo\\test\\async.app.spec.js",
          "file": "\\test\\async.app.spec.js",
          "beforeHooks": [],
          "afterHooks": [],
          "tests": [
            {
              "title": "promised based way",
              "fullTitle": "async test suite promised based way",
              "timedOut": false,
              "duration": 157,
              "state": "passed",
              "speed": "slow",
              "pass": true,
              "fail": false,
              "pending": false,
              "context": null,
              "code": "return axios.get('https://reqres.in/api/users?page=2').then(res =>{\n                expect(res.data.data[1].email).to.be.equal('lindsay.ferguson@reqres.in')\n                expect(res.data.data[1].id).to.be.equal(8)\n            })",
              "err": {},
              "uuid": "e9897cd7-3bf9-4ba4-9a2c-573e3a97810e",
              "parentUUID": "48ca60c7-7ff8-4b81-a3fc-641ba48672d4",
              "isHook": false,
              "skipped": false
            },
            {
              "title": "Done based way",
              "fullTitle": "async test suite Done based way",
              "timedOut": false,
              "duration": 15,
              "state": "passed",
              "speed": "fast",
              "pass": true,
              "fail": false,
              "pending": false,
              "context": null,
              "code": "axios.get('https://reqres.in/api/users?page=2').then(res =>{\n    expect(res.data.data[0].email).to.be.equal('michael.lawson@reqres.in')\n    done()\n}).catch(err =>{\n    done(err)\n})",
              "err": {},
              "uuid": "0ee432ec-8502-4a53-aa06-f9c029f1f3d2",
              "parentUUID": "48ca60c7-7ff8-4b81-a3fc-641ba48672d4",
              "isHook": false,
              "skipped": false
            },
            {
              "title": "Aysnc await based way",
              "fullTitle": "async test suite Aysnc await based way",
              "timedOut": false,
              "duration": 16,
              "state": "passed",
              "speed": "fast",
              "pass": true,
              "fail": false,
              "pending": false,
              "context": null,
              "code": "const res = await axios.get('https://reqres.in/api/users?page=2')\nexpect(res.data.data[0].email).to.be.equal('michael.lawson@reqres.in')",
              "err": {},
              "uuid": "6ef4f301-9949-4f88-b0c4-a228c86c8801",
              "parentUUID": "48ca60c7-7ff8-4b81-a3fc-641ba48672d4",
              "isHook": false,
              "skipped": false
            }
          ],
          "suites": [],
          "passes": [
            "e9897cd7-3bf9-4ba4-9a2c-573e3a97810e",
            "0ee432ec-8502-4a53-aa06-f9c029f1f3d2",
            "6ef4f301-9949-4f88-b0c4-a228c86c8801"
          ],
          "failures": [],
          "pending": [],
          "skipped": [],
          "duration": 188,
          "root": false,
          "rootEmpty": false,
          "_timeout": 2000
        },
        {
          "uuid": "be788e3a-3957-442f-aac1-d6733ef04788",
          "title": "Hookssuite 1",
          "fullFile": "C:\\Users\\sureshmanikandan.k\\Desktop\\Mocha-Demo\\test\\hooks.spec.js",
          "file": "\\test\\hooks.spec.js",
          "beforeHooks": [
            {
              "title": "\"before all\" hook",
              "fullTitle": "Hookssuite 1 \"before all\" hook",
              "timedOut": false,
              "duration": 0,
              "state": null,
              "speed": null,
              "pass": false,
              "fail": false,
              "pending": false,
              "context": null,
              "code": "console.log('before')",
              "err": {},
              "uuid": "b313bca5-aa90-4e3c-b70e-e80f9ced9eac",
              "parentUUID": null,
              "isHook": true,
              "skipped": false
            },
            {
              "title": "\"before each\" hook",
              "fullTitle": "Hookssuite 1 \"before each\" hook",
              "timedOut": false,
              "duration": 0,
              "state": null,
              "speed": null,
              "pass": false,
              "fail": false,
              "pending": false,
              "context": null,
              "code": "console.log('beforeEach')",
              "err": {},
              "uuid": "7220b85b-8a2b-41e5-ba6f-3d3efdbf7364",
              "parentUUID": null,
              "isHook": true,
              "skipped": false
            }
          ],
          "afterHooks": [
            {
              "title": "\"after all\" hook",
              "fullTitle": "Hookssuite 1 \"after all\" hook",
              "timedOut": false,
              "duration": 0,
              "state": null,
              "speed": null,
              "pass": false,
              "fail": false,
              "pending": false,
              "context": null,
              "code": "console.log('after')",
              "err": {},
              "uuid": "6a1bb4c2-b062-4211-8880-4c029200e7f1",
              "parentUUID": null,
              "isHook": true,
              "skipped": false
            },
            {
              "title": "\"after each\" hook",
              "fullTitle": "Hookssuite 1 \"after each\" hook",
              "timedOut": false,
              "duration": 0,
              "state": null,
              "speed": null,
              "pass": false,
              "fail": false,
              "pending": false,
              "context": null,
              "code": "console.log('afterEach')",
              "err": {},
              "uuid": "bde42d29-10f9-49e1-9797-eab86030a559",
              "parentUUID": null,
              "isHook": true,
              "skipped": false
            }
          ],
          "tests": [],
          "suites": [],
          "passes": [],
          "failures": [],
          "pending": [],
          "skipped": [],
          "duration": 0,
          "root": false,
          "rootEmpty": false,
          "_timeout": 2000
        },
        {
          "uuid": "bbc2a6cf-824e-4b63-9952-7e7c2a88cee2",
          "title": "async test suite",
          "fullFile": "C:\\Users\\sureshmanikandan.k\\Desktop\\Mocha-Demo\\test\\retry.ex.js",
          "file": "\\test\\retry.ex.js",
          "beforeHooks": [],
          "afterHooks": [],
          "tests": [
            {
              "title": "promised based way",
              "fullTitle": "async test suite promised based way",
              "timedOut": false,
              "duration": 15,
              "state": "passed",
              "speed": "fast",
              "pass": true,
              "fail": false,
              "pending": false,
              "context": null,
              "code": "this.retries(3);\n    return axios.get('https://reqres.in/api/users?page=2').then(res =>{\n        expect(res.data.data[1].email).to.be.equal('lindsay.ferguson@reqres.in')\n        \n    }).catch(err =>{\n        console.error('Error during test:',err);\n        throw err;\n    })",
              "err": {},
              "uuid": "1ad2cf0c-246b-4f5e-81a1-e63b9750c881",
              "parentUUID": "bbc2a6cf-824e-4b63-9952-7e7c2a88cee2",
              "isHook": false,
              "skipped": false
            }
          ],
          "suites": [],
          "passes": [
            "1ad2cf0c-246b-4f5e-81a1-e63b9750c881"
          ],
          "failures": [],
          "pending": [],
          "skipped": [],
          "duration": 15,
          "root": false,
          "rootEmpty": false,
          "_timeout": 2000
        },
        {
          "uuid": "792e1a88-1e11-4fea-903b-26cdbc9fe095",
          "title": "async test suite",
          "fullFile": "C:\\Users\\sureshmanikandan.k\\Desktop\\Mocha-Demo\\test\\timeout.ex.js",
          "file": "\\test\\timeout.ex.js",
          "beforeHooks": [],
          "afterHooks": [],
          "tests": [
            {
              "title": "promised based way",
              "fullTitle": "async test suite promised based way",
              "timedOut": false,
              "duration": 0,
              "state": "pending",
              "speed": null,
              "pass": false,
              "fail": false,
              "pending": true,
              "context": null,
              "code": "",
              "err": {},
              "uuid": "07ed8932-91ac-487a-9c31-340bc30b4d04",
              "parentUUID": "792e1a88-1e11-4fea-903b-26cdbc9fe095",
              "isHook": false,
              "skipped": false
            }
          ],
          "suites": [],
          "passes": [],
          "failures": [],
          "pending": [
            "07ed8932-91ac-487a-9c31-340bc30b4d04"
          ],
          "skipped": [],
          "duration": 0,
          "root": false,
          "rootEmpty": false,
          "_timeout": 2000
        }
      ],
      "passes": [],
      "failures": [],
      "pending": [],
      "skipped": [],
      "duration": 0,
      "root": true,
      "rootEmpty": true,
      "_timeout": 2000
    }
  ],
  "meta": {
    "mocha": {
      "version": "10.6.0"
    },
    "mochawesome": {
      "options": {
        "quiet": false,
        "reportFilename": "mochawesome",
        "saveHtml": true,
        "saveJson": true,
        "consoleReporter": "spec",
        "useInlineDiffs": false,
        "code": true
      },
      "version": "7.1.3"
    },
    "marge": {
      "options": {
        "reportDir": "Report",
        "reopenfilename": "Test_Report"
      },
      "version": "6.2.0"
    }
  }
}